2017-06-07 23:19:10,028 [Worker-265] INFO  o.e.m.c.i.e.AbstractTransferListenerAdapter - Downloading https://repo.maven.apache.org/maven2/org/apache/struts/struts2-plugins/2.5.10.1/struts2-plugins-2.5.10.1.pom
2017-06-07 23:19:10,402 [Worker-265] INFO  o.e.m.c.i.e.AbstractTransferListenerAdapter - Downloaded https://repo.maven.apache.org/maven2/org/apache/struts/struts2-plugins/2.5.10.1/struts2-plugins-2.5.10.1.pom
2017-06-07 23:19:11,136 [Worker-265] INFO  o.e.m.c.i.e.AbstractTransferListenerAdapter - Downloading https://repo.maven.apache.org/maven2/org/apache/struts/struts2-parent/2.5.10.1/struts2-parent-2.5.10.1.pom
2017-06-07 23:19:11,666 [Worker-265] INFO  o.e.m.c.i.e.AbstractTransferListenerAdapter - Downloaded https://repo.maven.apache.org/maven2/org/apache/struts/struts2-parent/2.5.10.1/struts2-parent-2.5.10.1.pom
2017-06-07 23:19:11,931 [Worker-265] INFO  o.e.m.c.i.e.AbstractTransferListenerAdapter - Downloading https://repo.maven.apache.org/maven2/org/apache/struts/struts-master/10/struts-master-10.pom
2017-06-07 23:19:12,165 [Worker-265] INFO  o.e.m.c.i.e.AbstractTransferListenerAdapter - Downloaded https://repo.maven.apache.org/maven2/org/apache/struts/struts-master/10/struts-master-10.pom
2017-06-07 23:19:12,384 [Worker-265] INFO  o.e.m.c.i.e.AbstractTransferListenerAdapter - Downloading https://repo.maven.apache.org/maven2/org/apache/apache/16/apache-16.pom
2017-06-07 23:19:13,101 [Worker-265] INFO  o.e.m.c.i.e.AbstractTransferListenerAdapter - Downloaded https://repo.maven.apache.org/maven2/org/apache/apache/16/apache-16.pom
2017-06-07 23:19:13,398 [Worker-265] INFO  o.e.m.c.i.e.AbstractTransferListenerAdapter - Downloading https://repo.maven.apache.org/maven2/org/apache/felix/maven-bundle-plugin/2.1.0/maven-bundle-plugin-2.1.0.pom
2017-06-07 23:19:13,600 [Worker-265] INFO  o.e.m.c.i.e.AbstractTransferListenerAdapter - Downloaded https://repo.maven.apache.org/maven2/org/apache/felix/maven-bundle-plugin/2.1.0/maven-bundle-plugin-2.1.0.pom
2017-06-07 23:19:13,819 [Worker-265] INFO  o.e.m.c.i.e.AbstractTransferListenerAdapter - Downloading https://repo.maven.apache.org/maven2/org/apache/felix/felix-parent/1.2.1/felix-parent-1.2.1.pom
2017-06-07 23:19:14,037 [Worker-265] INFO  o.e.m.c.i.e.AbstractTransferListenerAdapter - Downloaded https://repo.maven.apache.org/maven2/org/apache/felix/felix-parent/1.2.1/felix-parent-1.2.1.pom
2017-06-07 23:19:14,256 [Worker-265] INFO  o.e.m.c.i.e.AbstractTransferListenerAdapter - Downloading https://repo.maven.apache.org/maven2/org/apache/apache/5/apache-5.pom
2017-06-07 23:19:14,474 [Worker-265] INFO  o.e.m.c.i.e.AbstractTransferListenerAdapter - Downloaded https://repo.maven.apache.org/maven2/org/apache/apache/5/apache-5.pom
2017-06-07 23:19:15,223 [Worker-265] INFO  o.e.m.c.i.e.AbstractTransferListenerAdapter - Downloading https://repo.maven.apache.org/maven2/biz/aQute/bndlib/0.0.357/bndlib-0.0.357.pom
2017-06-07 23:19:15,426 [Worker-265] INFO  o.e.m.c.i.e.AbstractTransferListenerAdapter - Downloaded https://repo.maven.apache.org/maven2/biz/aQute/bndlib/0.0.357/bndlib-0.0.357.pom
2017-06-07 23:19:15,660 [Worker-265] INFO  o.e.m.c.i.e.AbstractTransferListenerAdapter - Downloading https://repo.maven.apache.org/maven2/net/sf/kxml/kxml2/2.2.2/kxml2-2.2.2.pom
2017-06-07 23:19:15,862 [Worker-265] INFO  o.e.m.c.i.e.AbstractTransferListenerAdapter - Downloaded https://repo.maven.apache.org/maven2/net/sf/kxml/kxml2/2.2.2/kxml2-2.2.2.pom
2017-06-07 23:19:16,081 [Worker-265] INFO  o.e.m.c.i.e.AbstractTransferListenerAdapter - Downloading https://repo.maven.apache.org/maven2/xmlpull/xmlpull/1.1.3.1/xmlpull-1.1.3.1.pom
2017-06-07 23:19:16,284 [Worker-265] INFO  o.e.m.c.i.e.AbstractTransferListenerAdapter - Downloaded https://repo.maven.apache.org/maven2/xmlpull/xmlpull/1.1.3.1/xmlpull-1.1.3.1.pom
2017-06-07 23:19:16,518 [Worker-265] INFO  o.e.m.c.i.e.AbstractTransferListenerAdapter - Downloading https://repo.maven.apache.org/maven2/org/apache/felix/org.apache.felix.bundlerepository/1.6.2/org.apache.felix.bundlerepository-1.6.2.pom
2017-06-07 23:19:16,720 [Worker-265] INFO  o.e.m.c.i.e.AbstractTransferListenerAdapter - Downloaded https://repo.maven.apache.org/maven2/org/apache/felix/org.apache.felix.bundlerepository/1.6.2/org.apache.felix.bundlerepository-1.6.2.pom
2017-06-07 23:19:16,939 [Worker-265] INFO  o.e.m.c.i.e.AbstractTransferListenerAdapter - Downloading https://repo.maven.apache.org/maven2/org/osgi/org.osgi.core/4.1.0/org.osgi.core-4.1.0.pom
2017-06-07 23:19:17,157 [Worker-265] INFO  o.e.m.c.i.e.AbstractTransferListenerAdapter - Downloaded https://repo.maven.apache.org/maven2/org/osgi/org.osgi.core/4.1.0/org.osgi.core-4.1.0.pom
2017-06-07 23:19:17,500 [Worker-265] INFO  o.e.m.c.i.e.AbstractTransferListenerAdapter - Downloading https://repo.maven.apache.org/maven2/org/easymock/easymock/2.4/easymock-2.4.pom
2017-06-07 23:19:18,218 [Worker-265] INFO  o.e.m.c.i.e.AbstractTransferListenerAdapter - Downloaded https://repo.maven.apache.org/maven2/org/easymock/easymock/2.4/easymock-2.4.pom
2017-06-07 23:19:18,436 [Worker-265] INFO  o.e.m.c.i.e.AbstractTransferListenerAdapter - Downloading https://repo.maven.apache.org/maven2/org/apache/felix/org.osgi.core/1.0.0/org.osgi.core-1.0.0.pom
2017-06-07 23:19:18,655 [Worker-265] INFO  o.e.m.c.i.e.AbstractTransferListenerAdapter - Downloaded https://repo.maven.apache.org/maven2/org/apache/felix/org.osgi.core/1.0.0/org.osgi.core-1.0.0.pom
2017-06-07 23:19:18,889 [Worker-265] INFO  o.e.m.c.i.e.AbstractTransferListenerAdapter - Downloading https://repo.maven.apache.org/maven2/org/apache/felix/felix/1.0.0/felix-1.0.0.pom
2017-06-07 23:19:19,092 [Worker-265] INFO  o.e.m.c.i.e.AbstractTransferListenerAdapter - Downloaded https://repo.maven.apache.org/maven2/org/apache/felix/felix/1.0.0/felix-1.0.0.pom
2017-06-07 23:19:19,294 [Worker-265] INFO  o.e.m.c.i.e.AbstractTransferListenerAdapter - Downloading https://repo.maven.apache.org/maven2/org/apache/apache/4/apache-4.pom
2017-06-07 23:19:19,513 [Worker-265] INFO  o.e.m.c.i.e.AbstractTransferListenerAdapter - Downloaded https://repo.maven.apache.org/maven2/org/apache/apache/4/apache-4.pom
2017-06-07 23:19:19,731 [Worker-265] INFO  o.e.m.c.i.e.AbstractTransferListenerAdapter - Downloading https://repo.maven.apache.org/maven2/org/apache/felix/org.osgi.service.obr/1.0.1/org.osgi.service.obr-1.0.1.pom
2017-06-07 23:19:19,950 [Worker-265] INFO  o.e.m.c.i.e.AbstractTransferListenerAdapter - Downloaded https://repo.maven.apache.org/maven2/org/apache/felix/org.osgi.service.obr/1.0.1/org.osgi.service.obr-1.0.1.pom
2017-06-07 23:19:20,152 [Worker-265] INFO  o.e.m.c.i.e.AbstractTransferListenerAdapter - Downloading https://repo.maven.apache.org/maven2/org/apache/felix/felix/1.0.2/felix-1.0.2.pom
2017-06-07 23:19:20,371 [Worker-265] INFO  o.e.m.c.i.e.AbstractTransferListenerAdapter - Downloaded https://repo.maven.apache.org/maven2/org/apache/felix/felix/1.0.2/felix-1.0.2.pom
2017-06-07 23:19:20,605 [Worker-265] INFO  o.e.m.c.i.e.AbstractTransferListenerAdapter - Downloading https://repo.maven.apache.org/maven2/org/apache/maven/maven-project/2.0.7/maven-project-2.0.7.pom
2017-06-07 23:19:20,808 [Worker-265] INFO  o.e.m.c.i.e.AbstractTransferListenerAdapter - Downloaded https://repo.maven.apache.org/maven2/org/apache/maven/maven-project/2.0.7/maven-project-2.0.7.pom
2017-06-07 23:19:21,026 [Worker-265] INFO  o.e.m.c.i.e.AbstractTransferListenerAdapter - Downloading https://repo.maven.apache.org/maven2/org/apache/maven/maven/2.0.7/maven-2.0.7.pom
2017-06-07 23:19:21,244 [Worker-265] INFO  o.e.m.c.i.e.AbstractTransferListenerAdapter - Downloaded https://repo.maven.apache.org/maven2/org/apache/maven/maven/2.0.7/maven-2.0.7.pom
2017-06-07 23:19:21,978 [Worker-265] INFO  o.e.m.c.i.e.AbstractTransferListenerAdapter - Downloading https://repo.maven.apache.org/maven2/org/apache/maven/maven-parent/5/maven-parent-5.pom
2017-06-07 23:19:22,196 [Worker-265] INFO  o.e.m.c.i.e.AbstractTransferListenerAdapter - Downloaded https://repo.maven.apache.org/maven2/org/apache/maven/maven-parent/5/maven-parent-5.pom
2017-06-07 23:19:22,414 [Worker-265] INFO  o.e.m.c.i.e.AbstractTransferListenerAdapter - Downloading https://repo.maven.apache.org/maven2/org/apache/apache/3/apache-3.pom
2017-06-07 23:19:23,116 [Worker-265] INFO  o.e.m.c.i.e.AbstractTransferListenerAdapter - Downloaded https://repo.maven.apache.org/maven2/org/apache/apache/3/apache-3.pom
2017-06-07 23:19:23,350 [Worker-265] INFO  o.e.m.c.i.e.AbstractTransferListenerAdapter - Downloading https://repo.maven.apache.org/maven2/org/apache/maven/maven-settings/2.0.7/maven-settings-2.0.7.pom
2017-06-07 23:19:23,553 [Worker-265] INFO  o.e.m.c.i.e.AbstractTransferListenerAdapter - Downloaded https://repo.maven.apache.org/maven2/org/apache/maven/maven-settings/2.0.7/maven-settings-2.0.7.pom
2017-06-07 23:19:23,772 [Worker-265] INFO  o.e.m.c.i.e.AbstractTransferListenerAdapter - Downloading https://repo.maven.apache.org/maven2/org/apache/maven/maven-model/2.0.7/maven-model-2.0.7.pom
2017-06-07 23:19:23,974 [Worker-265] INFO  o.e.m.c.i.e.AbstractTransferListenerAdapter - Downloaded https://repo.maven.apache.org/maven2/org/apache/maven/maven-model/2.0.7/maven-model-2.0.7.pom
2017-06-07 23:19:24,208 [Worker-265] INFO  o.e.m.c.i.e.AbstractTransferListenerAdapter - Downloading https://repo.maven.apache.org/maven2/org/codehaus/plexus/plexus-utils/1.4.1/plexus-utils-1.4.1.pom
2017-06-07 23:19:24,411 [Worker-265] INFO  o.e.m.c.i.e.AbstractTransferListenerAdapter - Downloaded https://repo.maven.apache.org/maven2/org/codehaus/plexus/plexus-utils/1.4.1/plexus-utils-1.4.1.pom
2017-06-07 23:19:24,630 [Worker-265] INFO  o.e.m.c.i.e.AbstractTransferListenerAdapter - Downloading https://repo.maven.apache.org/maven2/org/codehaus/plexus/plexus/1.0.11/plexus-1.0.11.pom
2017-06-07 23:19:24,895 [Worker-265] INFO  o.e.m.c.i.e.AbstractTransferListenerAdapter - Downloaded https://repo.maven.apache.org/maven2/org/codehaus/plexus/plexus/1.0.11/plexus-1.0.11.pom
2017-06-07 23:19:25,722 [Worker-265] INFO  o.e.m.c.i.e.AbstractTransferListenerAdapter - Downloading https://repo.maven.apache.org/maven2/org/codehaus/plexus/plexus-container-default/1.0-alpha-9-stable-1/plexus-container-default-1.0-alpha-9-stable-1.pom
2017-06-07 23:19:26,018 [Worker-265] INFO  o.e.m.c.i.e.AbstractTransferListenerAdapter - Downloaded https://repo.maven.apache.org/maven2/org/codehaus/plexus/plexus-container-default/1.0-alpha-9-stable-1/plexus-container-default-1.0-alpha-9-stable-1.pom
2017-06-07 23:19:27,141 [Worker-265] INFO  o.e.m.c.i.e.AbstractTransferListenerAdapter - Downloading https://repo.maven.apache.org/maven2/org/codehaus/plexus/plexus-containers/1.0.3/plexus-containers-1.0.3.pom
2017-06-07 23:19:27,344 [Worker-265] INFO  o.e.m.c.i.e.AbstractTransferListenerAdapter - Downloaded https://repo.maven.apache.org/maven2/org/codehaus/plexus/plexus-containers/1.0.3/plexus-containers-1.0.3.pom
2017-06-07 23:19:27,547 [Worker-265] INFO  o.e.m.c.i.e.AbstractTransferListenerAdapter - Downloading https://repo.maven.apache.org/maven2/org/codehaus/plexus/plexus/1.0.4/plexus-1.0.4.pom
2017-06-07 23:19:28,030 [Worker-265] INFO  o.e.m.c.i.e.AbstractTransferListenerAdapter - Downloaded https://repo.maven.apache.org/maven2/org/codehaus/plexus/plexus/1.0.4/plexus-1.0.4.pom
2017-06-07 23:19:28,342 [Worker-265] INFO  o.e.m.c.i.e.AbstractTransferListenerAdapter - Downloading https://repo.maven.apache.org/maven2/junit/junit/3.8.1/junit-3.8.1.pom
2017-06-07 23:19:28,545 [Worker-265] INFO  o.e.m.c.i.e.AbstractTransferListenerAdapter - Downloaded https://repo.maven.apache.org/maven2/junit/junit/3.8.1/junit-3.8.1.pom
2017-06-07 23:19:28,764 [Worker-265] INFO  o.e.m.c.i.e.AbstractTransferListenerAdapter - Downloading https://repo.maven.apache.org/maven2/org/codehaus/plexus/plexus-utils/1.0.4/plexus-utils-1.0.4.pom
2017-06-07 23:19:28,982 [Worker-265] INFO  o.e.m.c.i.e.AbstractTransferListenerAdapter - Downloaded https://repo.maven.apache.org/maven2/org/codehaus/plexus/plexus-utils/1.0.4/plexus-utils-1.0.4.pom
2017-06-07 23:19:29,200 [Worker-265] INFO  o.e.m.c.i.e.AbstractTransferListenerAdapter - Downloading https://repo.maven.apache.org/maven2/classworlds/classworlds/1.1-alpha-2/classworlds-1.1-alpha-2.pom
2017-06-07 23:19:29,403 [Worker-265] INFO  o.e.m.c.i.e.AbstractTransferListenerAdapter - Downloaded https://repo.maven.apache.org/maven2/classworlds/classworlds/1.1-alpha-2/classworlds-1.1-alpha-2.pom
2017-06-07 23:19:29,622 [Worker-265] INFO  o.e.m.c.i.e.AbstractTransferListenerAdapter - Downloading https://repo.maven.apache.org/maven2/org/apache/maven/maven-profile/2.0.7/maven-profile-2.0.7.pom
2017-06-07 23:19:29,824 [Worker-265] INFO  o.e.m.c.i.e.AbstractTransferListenerAdapter - Downloaded https://repo.maven.apache.org/maven2/org/apache/maven/maven-profile/2.0.7/maven-profile-2.0.7.pom
2017-06-07 23:19:30,043 [Worker-265] INFO  o.e.m.c.i.e.AbstractTransferListenerAdapter - Downloading https://repo.maven.apache.org/maven2/org/apache/maven/maven-artifact-manager/2.0.7/maven-artifact-manager-2.0.7.pom
2017-06-07 23:19:30,246 [Worker-265] INFO  o.e.m.c.i.e.AbstractTransferListenerAdapter - Downloaded https://repo.maven.apache.org/maven2/org/apache/maven/maven-artifact-manager/2.0.7/maven-artifact-manager-2.0.7.pom
2017-06-07 23:19:30,495 [Worker-265] INFO  o.e.m.c.i.e.AbstractTransferListenerAdapter - Downloading https://repo.maven.apache.org/maven2/org/apache/maven/maven-repository-metadata/2.0.7/maven-repository-metadata-2.0.7.pom
2017-06-07 23:19:30,682 [Worker-265] INFO  o.e.m.c.i.e.AbstractTransferListenerAdapter - Downloaded https://repo.maven.apache.org/maven2/org/apache/maven/maven-repository-metadata/2.0.7/maven-repository-metadata-2.0.7.pom
2017-06-07 23:19:30,932 [Worker-265] INFO  o.e.m.c.i.e.AbstractTransferListenerAdapter - Downloading https://repo.maven.apache.org/maven2/org/apache/maven/maven-artifact/2.0.7/maven-artifact-2.0.7.pom
2017-06-07 23:19:31,322 [Worker-265] INFO  o.e.m.c.i.e.AbstractTransferListenerAdapter - Downloaded https://repo.maven.apache.org/maven2/org/apache/maven/maven-artifact/2.0.7/maven-artifact-2.0.7.pom
2017-06-07 23:19:31,634 [Worker-265] INFO  o.e.m.c.i.e.AbstractTransferListenerAdapter - Downloading https://repo.maven.apache.org/maven2/org/apache/maven/maven-plugin-registry/2.0.7/maven-plugin-registry-2.0.7.pom
2017-06-07 23:19:31,821 [Worker-265] INFO  o.e.m.c.i.e.AbstractTransferListenerAdapter - Downloaded https://repo.maven.apache.org/maven2/org/apache/maven/maven-plugin-registry/2.0.7/maven-plugin-registry-2.0.7.pom
2017-06-07 23:19:32,040 [Worker-265] INFO  o.e.m.c.i.e.AbstractTransferListenerAdapter - Downloading https://repo.maven.apache.org/maven2/org/apache/maven/maven-plugin-api/2.0.7/maven-plugin-api-2.0.7.pom
2017-06-07 23:19:32,242 [Worker-265] INFO  o.e.m.c.i.e.AbstractTransferListenerAdapter - Downloaded https://repo.maven.apache.org/maven2/org/apache/maven/maven-plugin-api/2.0.7/maven-plugin-api-2.0.7.pom
2017-06-07 23:19:32,445 [Worker-265] INFO  o.e.m.c.i.e.AbstractTransferListenerAdapter - Downloading https://repo.maven.apache.org/maven2/org/apache/maven/maven-archiver/2.2/maven-archiver-2.2.pom
2017-06-07 23:19:32,648 [Worker-265] INFO  o.e.m.c.i.e.AbstractTransferListenerAdapter - Downloaded https://repo.maven.apache.org/maven2/org/apache/maven/maven-archiver/2.2/maven-archiver-2.2.pom
2017-06-07 23:19:32,851 [Worker-265] INFO  o.e.m.c.i.e.AbstractTransferListenerAdapter - Downloading https://repo.maven.apache.org/maven2/org/apache/maven/shared/maven-shared-components/3/maven-shared-components-3.pom
2017-06-07 23:19:33,038 [Worker-265] INFO  o.e.m.c.i.e.AbstractTransferListenerAdapter - Downloaded https://repo.maven.apache.org/maven2/org/apache/maven/shared/maven-shared-components/3/maven-shared-components-3.pom
2017-06-07 23:19:33,241 [Worker-265] INFO  o.e.m.c.i.e.AbstractTransferListenerAdapter - Downloading https://repo.maven.apache.org/maven2/org/apache/maven/maven-parent/4/maven-parent-4.pom
2017-06-07 23:19:33,459 [Worker-265] INFO  o.e.m.c.i.e.AbstractTransferListenerAdapter - Downloaded https://repo.maven.apache.org/maven2/org/apache/maven/maven-parent/4/maven-parent-4.pom
2017-06-07 23:19:33,662 [Worker-265] INFO  o.e.m.c.i.e.AbstractTransferListenerAdapter - Downloading https://repo.maven.apache.org/maven2/org/apache/maven/maven-project/2.0/maven-project-2.0.pom
2017-06-07 23:19:33,880 [Worker-265] INFO  o.e.m.c.i.e.AbstractTransferListenerAdapter - Downloaded https://repo.maven.apache.org/maven2/org/apache/maven/maven-project/2.0/maven-project-2.0.pom
2017-06-07 23:19:34,083 [Worker-265] INFO  o.e.m.c.i.e.AbstractTransferListenerAdapter - Downloading https://repo.maven.apache.org/maven2/org/apache/maven/maven/2.0/maven-2.0.pom
2017-06-07 23:19:34,364 [Worker-265] INFO  o.e.m.c.i.e.AbstractTransferListenerAdapter - Downloaded https://repo.maven.apache.org/maven2/org/apache/maven/maven/2.0/maven-2.0.pom
2017-06-07 23:19:34,785 [Worker-265] INFO  o.e.m.c.i.e.AbstractTransferListenerAdapter - Downloading https://repo.maven.apache.org/maven2/org/apache/maven/maven-profile/2.0/maven-profile-2.0.pom
2017-06-07 23:19:35,004 [Worker-265] INFO  o.e.m.c.i.e.AbstractTransferListenerAdapter - Downloaded https://repo.maven.apache.org/maven2/org/apache/maven/maven-profile/2.0/maven-profile-2.0.pom
2017-06-07 23:19:35,222 [Worker-265] INFO  o.e.m.c.i.e.AbstractTransferListenerAdapter - Downloading https://repo.maven.apache.org/maven2/org/apache/maven/maven-model/2.0/maven-model-2.0.pom
2017-06-07 23:19:35,409 [Worker-265] INFO  o.e.m.c.i.e.AbstractTransferListenerAdapter - Downloaded https://repo.maven.apache.org/maven2/org/apache/maven/maven-model/2.0/maven-model-2.0.pom
2017-06-07 23:19:35,612 [Worker-265] INFO  o.e.m.c.i.e.AbstractTransferListenerAdapter - Downloading https://repo.maven.apache.org/maven2/org/codehaus/plexus/plexus-container-default/1.0-alpha-8/plexus-container-default-1.0-alpha-8.pom
2017-06-07 23:19:35,815 [Worker-265] INFO  o.e.m.c.i.e.AbstractTransferListenerAdapter - Downloaded https://repo.maven.apache.org/maven2/org/codehaus/plexus/plexus-container-default/1.0-alpha-8/plexus-container-default-1.0-alpha-8.pom
2017-06-07 23:19:36,642 [Worker-265] INFO  o.e.m.c.i.e.AbstractTransferListenerAdapter - Downloading https://repo.maven.apache.org/maven2/org/apache/maven/maven-artifact-manager/2.0/maven-artifact-manager-2.0.pom
2017-06-07 23:19:36,844 [Worker-265] INFO  o.e.m.c.i.e.AbstractTransferListenerAdapter - Downloaded https://repo.maven.apache.org/maven2/org/apache/maven/maven-artifact-manager/2.0/maven-artifact-manager-2.0.pom
2017-06-07 23:19:37,063 [Worker-265] INFO  o.e.m.c.i.e.AbstractTransferListenerAdapter - Downloading https://repo.maven.apache.org/maven2/org/apache/maven/maven-repository-metadata/2.0/maven-repository-metadata-2.0.pom
2017-06-07 23:19:37,266 [Worker-265] INFO  o.e.m.c.i.e.AbstractTransferListenerAdapter - Downloaded https://repo.maven.apache.org/maven2/org/apache/maven/maven-repository-metadata/2.0/maven-repository-metadata-2.0.pom
2017-06-07 23:19:37,468 [Worker-265] INFO  o.e.m.c.i.e.AbstractTransferListenerAdapter - Downloading https://repo.maven.apache.org/maven2/org/apache/maven/maven-artifact/2.0/maven-artifact-2.0.pom
2017-06-07 23:19:37,687 [Worker-265] INFO  o.e.m.c.i.e.AbstractTransferListenerAdapter - Downloaded https://repo.maven.apache.org/maven2/org/apache/maven/maven-artifact/2.0/maven-artifact-2.0.pom
2017-06-07 23:19:37,905 [Worker-265] INFO  o.e.m.c.i.e.AbstractTransferListenerAdapter - Downloading https://repo.maven.apache.org/maven2/org/codehaus/plexus/plexus-archiver/1.0-alpha-7/plexus-archiver-1.0-alpha-7.pom
2017-06-07 23:19:38,108 [Worker-265] INFO  o.e.m.c.i.e.AbstractTransferListenerAdapter - Downloaded https://repo.maven.apache.org/maven2/org/codehaus/plexus/plexus-archiver/1.0-alpha-7/plexus-archiver-1.0-alpha-7.pom
2017-06-07 23:19:38,312 [Worker-265] INFO  o.e.m.c.i.e.AbstractTransferListenerAdapter - Downloading https://repo.maven.apache.org/maven2/org/codehaus/plexus/plexus-components/1.1.6/plexus-components-1.1.6.pom
2017-06-07 23:19:38,515 [Worker-265] INFO  o.e.m.c.i.e.AbstractTransferListenerAdapter - Downloaded https://repo.maven.apache.org/maven2/org/codehaus/plexus/plexus-components/1.1.6/plexus-components-1.1.6.pom
2017-06-07 23:19:38,764 [Worker-265] INFO  o.e.m.c.i.e.AbstractTransferListenerAdapter - Downloading https://repo.maven.apache.org/maven2/org/codehaus/plexus/plexus/1.0.8/plexus-1.0.8.pom
2017-06-07 23:19:38,983 [Worker-265] INFO  o.e.m.c.i.e.AbstractTransferListenerAdapter - Downloaded https://repo.maven.apache.org/maven2/org/codehaus/plexus/plexus/1.0.8/plexus-1.0.8.pom
2017-06-07 23:19:39,217 [Worker-265] INFO  o.e.m.c.i.e.AbstractTransferListenerAdapter - Downloading https://repo.maven.apache.org/maven2/org/codehaus/plexus/plexus-utils/1.2/plexus-utils-1.2.pom
2017-06-07 23:19:39,419 [Worker-265] INFO  o.e.m.c.i.e.AbstractTransferListenerAdapter - Downloaded https://repo.maven.apache.org/maven2/org/codehaus/plexus/plexus-utils/1.2/plexus-utils-1.2.pom
2017-06-07 23:19:39,638 [Worker-265] INFO  o.e.m.c.i.e.AbstractTransferListenerAdapter - Downloading https://repo.maven.apache.org/maven2/org/codehaus/plexus/plexus/1.0.5/plexus-1.0.5.pom
2017-06-07 23:19:39,856 [Worker-265] INFO  o.e.m.c.i.e.AbstractTransferListenerAdapter - Downloaded https://repo.maven.apache.org/maven2/org/codehaus/plexus/plexus/1.0.5/plexus-1.0.5.pom
2017-06-07 23:19:40,075 [Worker-265] INFO  o.e.m.c.i.e.AbstractTransferListenerAdapter - Downloading https://repo.maven.apache.org/maven2/org/apache/maven/shared/maven-dependency-tree/1.2/maven-dependency-tree-1.2.pom
2017-06-07 23:19:40,277 [Worker-265] INFO  o.e.m.c.i.e.AbstractTransferListenerAdapter - Downloaded https://repo.maven.apache.org/maven2/org/apache/maven/shared/maven-dependency-tree/1.2/maven-dependency-tree-1.2.pom
2017-06-07 23:19:40,496 [Worker-265] INFO  o.e.m.c.i.e.AbstractTransferListenerAdapter - Downloading https://repo.maven.apache.org/maven2/org/apache/maven/shared/maven-shared-components/9/maven-shared-components-9.pom
2017-06-07 23:19:40,699 [Worker-265] INFO  o.e.m.c.i.e.AbstractTransferListenerAdapter - Downloaded https://repo.maven.apache.org/maven2/org/apache/maven/shared/maven-shared-components/9/maven-shared-components-9.pom
2017-06-07 23:19:40,901 [Worker-265] INFO  o.e.m.c.i.e.AbstractTransferListenerAdapter - Downloading https://repo.maven.apache.org/maven2/org/apache/maven/maven-parent/8/maven-parent-8.pom
2017-06-07 23:19:41,198 [Worker-265] INFO  o.e.m.c.i.e.AbstractTransferListenerAdapter - Downloaded https://repo.maven.apache.org/maven2/org/apache/maven/maven-parent/8/maven-parent-8.pom
2017-06-07 23:19:41,432 [Worker-265] INFO  o.e.m.c.i.e.AbstractTransferListenerAdapter - Downloading https://repo.maven.apache.org/maven2/org/apache/maven/maven-project/2.0.8/maven-project-2.0.8.pom
2017-06-07 23:19:42,149 [Worker-265] INFO  o.e.m.c.i.e.AbstractTransferListenerAdapter - Downloaded https://repo.maven.apache.org/maven2/org/apache/maven/maven-project/2.0.8/maven-project-2.0.8.pom
2017-06-07 23:19:43,461 [Worker-265] INFO  o.e.m.c.i.e.AbstractTransferListenerAdapter - Downloading https://repo.maven.apache.org/maven2/org/apache/maven/maven/2.0.8/maven-2.0.8.pom
2017-06-07 23:19:43,695 [Worker-265] INFO  o.e.m.c.i.e.AbstractTransferListenerAdapter - Downloaded https://repo.maven.apache.org/maven2/org/apache/maven/maven/2.0.8/maven-2.0.8.pom
2017-06-07 23:19:43,913 [Worker-265] INFO  o.e.m.c.i.e.AbstractTransferListenerAdapter - Downloading https://repo.maven.apache.org/maven2/org/apache/maven/maven-parent/6/maven-parent-6.pom
2017-06-07 23:19:44,194 [Worker-265] INFO  o.e.m.c.i.e.AbstractTransferListenerAdapter - Downloaded https://repo.maven.apache.org/maven2/org/apache/maven/maven-parent/6/maven-parent-6.pom
2017-06-07 23:19:44,412 [Worker-265] INFO  o.e.m.c.i.e.AbstractTransferListenerAdapter - Downloading https://repo.maven.apache.org/maven2/org/apache/maven/maven-settings/2.0.8/maven-settings-2.0.8.pom
2017-06-07 23:19:44,615 [Worker-265] INFO  o.e.m.c.i.e.AbstractTransferListenerAdapter - Downloaded https://repo.maven.apache.org/maven2/org/apache/maven/maven-settings/2.0.8/maven-settings-2.0.8.pom
2017-06-07 23:19:44,834 [Worker-265] INFO  o.e.m.c.i.e.AbstractTransferListenerAdapter - Downloading https://repo.maven.apache.org/maven2/org/apache/maven/maven-model/2.0.8/maven-model-2.0.8.pom
2017-06-07 23:19:45,036 [Worker-265] INFO  o.e.m.c.i.e.AbstractTransferListenerAdapter - Downloaded https://repo.maven.apache.org/maven2/org/apache/maven/maven-model/2.0.8/maven-model-2.0.8.pom
2017-06-07 23:19:45,754 [Worker-265] INFO  o.e.m.c.i.e.AbstractTransferListenerAdapter - Downloading https://repo.maven.apache.org/maven2/org/codehaus/plexus/plexus-utils/1.4.6/plexus-utils-1.4.6.pom
2017-06-07 23:19:45,972 [Worker-265] INFO  o.e.m.c.i.e.AbstractTransferListenerAdapter - Downloaded https://repo.maven.apache.org/maven2/org/codehaus/plexus/plexus-utils/1.4.6/plexus-utils-1.4.6.pom
2017-06-07 23:19:46,191 [Worker-265] INFO  o.e.m.c.i.e.AbstractTransferListenerAdapter - Downloading https://repo.maven.apache.org/maven2/org/apache/maven/maven-profile/2.0.8/maven-profile-2.0.8.pom
2017-06-07 23:19:46,394 [Worker-265] INFO  o.e.m.c.i.e.AbstractTransferListenerAdapter - Downloaded https://repo.maven.apache.org/maven2/org/apache/maven/maven-profile/2.0.8/maven-profile-2.0.8.pom
2017-06-07 23:19:46,596 [Worker-265] INFO  o.e.m.c.i.e.AbstractTransferListenerAdapter - Downloading https://repo.maven.apache.org/maven2/org/apache/maven/maven-artifact-manager/2.0.8/maven-artifact-manager-2.0.8.pom
2017-06-07 23:19:46,799 [Worker-265] INFO  o.e.m.c.i.e.AbstractTransferListenerAdapter - Downloaded https://repo.maven.apache.org/maven2/org/apache/maven/maven-artifact-manager/2.0.8/maven-artifact-manager-2.0.8.pom
2017-06-07 23:19:47,018 [Worker-265] INFO  o.e.m.c.i.e.AbstractTransferListenerAdapter - Downloading https://repo.maven.apache.org/maven2/org/apache/maven/maven-repository-metadata/2.0.8/maven-repository-metadata-2.0.8.pom
2017-06-07 23:19:47,220 [Worker-265] INFO  o.e.m.c.i.e.AbstractTransferListenerAdapter - Downloaded https://repo.maven.apache.org/maven2/org/apache/maven/maven-repository-metadata/2.0.8/maven-repository-metadata-2.0.8.pom
2017-06-07 23:19:47,439 [Worker-265] INFO  o.e.m.c.i.e.AbstractTransferListenerAdapter - Downloading https://repo.maven.apache.org/maven2/org/apache/maven/maven-artifact/2.0.8/maven-artifact-2.0.8.pom
2017-06-07 23:19:47,642 [Worker-265] INFO  o.e.m.c.i.e.AbstractTransferListenerAdapter - Downloaded https://repo.maven.apache.org/maven2/org/apache/maven/maven-artifact/2.0.8/maven-artifact-2.0.8.pom
2017-06-07 23:19:47,844 [Worker-265] INFO  o.e.m.c.i.e.AbstractTransferListenerAdapter - Downloading https://repo.maven.apache.org/maven2/org/apache/maven/maven-plugin-registry/2.0.8/maven-plugin-registry-2.0.8.pom
2017-06-07 23:19:48,047 [Worker-265] INFO  o.e.m.c.i.e.AbstractTransferListenerAdapter - Downloaded https://repo.maven.apache.org/maven2/org/apache/maven/maven-plugin-registry/2.0.8/maven-plugin-registry-2.0.8.pom
2017-06-07 23:19:48,267 [Worker-265] INFO  o.e.m.c.i.e.AbstractTransferListenerAdapter - Downloading https://repo.maven.apache.org/maven2/org/apache/maven/wagon/wagon-provider-api/1.0-beta-2/wagon-provider-api-1.0-beta-2.pom
2017-06-07 23:19:48,469 [Worker-265] INFO  o.e.m.c.i.e.AbstractTransferListenerAdapter - Downloaded https://repo.maven.apache.org/maven2/org/apache/maven/wagon/wagon-provider-api/1.0-beta-2/wagon-provider-api-1.0-beta-2.pom
2017-06-07 23:19:48,688 [Worker-265] INFO  o.e.m.c.i.e.AbstractTransferListenerAdapter - Downloading https://repo.maven.apache.org/maven2/org/apache/maven/wagon/wagon/1.0-beta-2/wagon-1.0-beta-2.pom
2017-06-07 23:19:48,891 [Worker-265] INFO  o.e.m.c.i.e.AbstractTransferListenerAdapter - Downloaded https://repo.maven.apache.org/maven2/org/apache/maven/wagon/wagon/1.0-beta-2/wagon-1.0-beta-2.pom
2017-06-07 23:19:49,109 [Worker-265] INFO  o.e.m.c.i.e.AbstractTransferListenerAdapter - Downloading https://repo.maven.apache.org/maven2/org/codehaus/plexus/plexus-utils/1.4.7/plexus-utils-1.4.7.pom
2017-06-07 23:19:49,327 [Worker-265] INFO  o.e.m.c.i.e.AbstractTransferListenerAdapter - Downloaded https://repo.maven.apache.org/maven2/org/codehaus/plexus/plexus-utils/1.4.7/plexus-utils-1.4.7.pom
2017-06-07 23:19:49,608 [Worker-265] INFO  o.e.m.c.i.e.AbstractTransferListenerAdapter - Downloading https://repo.maven.apache.org/maven2/org/apache/felix/maven-bundle-plugin/2.1.0/maven-bundle-plugin-2.1.0.jar
2017-06-07 23:19:50,544 [Worker-265] INFO  o.e.m.c.i.e.AbstractTransferListenerAdapter - Downloaded https://repo.maven.apache.org/maven2/org/apache/felix/maven-bundle-plugin/2.1.0/maven-bundle-plugin-2.1.0.jar
2017-06-07 23:19:50,794 [Worker-265] INFO  o.e.m.c.i.e.AbstractTransferListenerAdapter - Downloading https://repo.maven.apache.org/maven2/biz/aQute/bndlib/0.0.357/bndlib-0.0.357.jar
2017-06-07 23:19:52,182 [Worker-265] INFO  o.e.m.c.i.e.AbstractTransferListenerAdapter - Downloaded https://repo.maven.apache.org/maven2/biz/aQute/bndlib/0.0.357/bndlib-0.0.357.jar
2017-06-07 23:19:52,432 [Worker-265] INFO  o.e.m.c.i.e.AbstractTransferListenerAdapter - Downloading https://repo.maven.apache.org/maven2/net/sf/kxml/kxml2/2.2.2/kxml2-2.2.2.jar
2017-06-07 23:19:52,728 [Worker-265] INFO  o.e.m.c.i.e.AbstractTransferListenerAdapter - Downloaded https://repo.maven.apache.org/maven2/net/sf/kxml/kxml2/2.2.2/kxml2-2.2.2.jar
2017-06-07 23:19:52,947 [Worker-265] INFO  o.e.m.c.i.e.AbstractTransferListenerAdapter - Downloading https://repo.maven.apache.org/maven2/xmlpull/xmlpull/1.1.3.1/xmlpull-1.1.3.1.jar
2017-06-07 23:19:53,149 [Worker-265] INFO  o.e.m.c.i.e.AbstractTransferListenerAdapter - Downloaded https://repo.maven.apache.org/maven2/xmlpull/xmlpull/1.1.3.1/xmlpull-1.1.3.1.jar
2017-06-07 23:19:53,338 [Worker-265] INFO  o.e.m.c.i.e.AbstractTransferListenerAdapter - Downloading https://repo.maven.apache.org/maven2/org/apache/felix/org.apache.felix.bundlerepository/1.6.2/org.apache.felix.bundlerepository-1.6.2.jar
2017-06-07 23:19:54,149 [Worker-265] INFO  o.e.m.c.i.e.AbstractTransferListenerAdapter - Downloaded https://repo.maven.apache.org/maven2/org/apache/felix/org.apache.felix.bundlerepository/1.6.2/org.apache.felix.bundlerepository-1.6.2.jar
2017-06-07 23:19:54,383 [Worker-265] INFO  o.e.m.c.i.e.AbstractTransferListenerAdapter - Downloading https://repo.maven.apache.org/maven2/org/osgi/org.osgi.core/4.1.0/org.osgi.core-4.1.0.jar
2017-06-07 23:19:55,210 [Worker-265] INFO  o.e.m.c.i.e.AbstractTransferListenerAdapter - Downloaded https://repo.maven.apache.org/maven2/org/osgi/org.osgi.core/4.1.0/org.osgi.core-4.1.0.jar
2017-06-07 23:19:55,444 [Worker-265] INFO  o.e.m.c.i.e.AbstractTransferListenerAdapter - Downloading https://repo.maven.apache.org/maven2/org/easymock/easymock/2.4/easymock-2.4.jar
2017-06-07 23:19:55,896 [Worker-265] INFO  o.e.m.c.i.e.AbstractTransferListenerAdapter - Downloaded https://repo.maven.apache.org/maven2/org/easymock/easymock/2.4/easymock-2.4.jar
2017-06-07 23:19:56,130 [Worker-265] INFO  o.e.m.c.i.e.AbstractTransferListenerAdapter - Downloading https://repo.maven.apache.org/maven2/org/apache/felix/org.osgi.core/1.0.0/org.osgi.core-1.0.0.jar
2017-06-07 23:19:56,536 [Worker-265] INFO  o.e.m.c.i.e.AbstractTransferListenerAdapter - Downloaded https://repo.maven.apache.org/maven2/org/apache/felix/org.osgi.core/1.0.0/org.osgi.core-1.0.0.jar
2017-06-07 23:19:56,738 [Worker-265] INFO  o.e.m.c.i.e.AbstractTransferListenerAdapter - Downloading https://repo.maven.apache.org/maven2/org/apache/felix/org.osgi.service.obr/1.0.1/org.osgi.service.obr-1.0.1.jar
2017-06-07 23:19:56,941 [Worker-265] INFO  o.e.m.c.i.e.AbstractTransferListenerAdapter - Downloaded https://repo.maven.apache.org/maven2/org/apache/felix/org.osgi.service.obr/1.0.1/org.osgi.service.obr-1.0.1.jar
2017-06-07 23:19:57,175 [Worker-265] INFO  o.e.m.c.i.e.AbstractTransferListenerAdapter - Downloading https://repo.maven.apache.org/maven2/org/apache/maven/maven-project/2.0.7/maven-project-2.0.7.jar
2017-06-07 23:19:58,283 [Worker-265] INFO  o.e.m.c.i.e.AbstractTransferListenerAdapter - Downloaded https://repo.maven.apache.org/maven2/org/apache/maven/maven-project/2.0.7/maven-project-2.0.7.jar
2017-06-07 23:19:59,593 [Worker-265] INFO  o.e.m.c.i.e.AbstractTransferListenerAdapter - Downloading https://repo.maven.apache.org/maven2/org/apache/maven/maven-profile/2.0.7/maven-profile-2.0.7.jar
2017-06-07 23:19:59,936 [Worker-265] INFO  o.e.m.c.i.e.AbstractTransferListenerAdapter - Downloaded https://repo.maven.apache.org/maven2/org/apache/maven/maven-profile/2.0.7/maven-profile-2.0.7.jar
2017-06-07 23:20:00,124 [Worker-265] INFO  o.e.m.c.i.e.AbstractTransferListenerAdapter - Downloading https://repo.maven.apache.org/maven2/org/apache/maven/maven-plugin-registry/2.0.7/maven-plugin-registry-2.0.7.jar
2017-06-07 23:20:00,404 [Worker-265] INFO  o.e.m.c.i.e.AbstractTransferListenerAdapter - Downloaded https://repo.maven.apache.org/maven2/org/apache/maven/maven-plugin-registry/2.0.7/maven-plugin-registry-2.0.7.jar
2017-06-07 23:20:00,592 [Worker-265] INFO  o.e.m.c.i.e.AbstractTransferListenerAdapter - Downloading https://repo.maven.apache.org/maven2/org/apache/maven/maven-model/2.0.7/maven-model-2.0.7.jar
2017-06-07 23:20:01,091 [Worker-265] INFO  o.e.m.c.i.e.AbstractTransferListenerAdapter - Downloaded https://repo.maven.apache.org/maven2/org/apache/maven/maven-model/2.0.7/maven-model-2.0.7.jar
2017-06-07 23:20:01,294 [Worker-265] INFO  o.e.m.c.i.e.AbstractTransferListenerAdapter - Downloading https://repo.maven.apache.org/maven2/org/apache/maven/maven-plugin-api/2.0.7/maven-plugin-api-2.0.7.jar
2017-06-07 23:20:01,496 [Worker-265] INFO  o.e.m.c.i.e.AbstractTransferListenerAdapter - Downloaded https://repo.maven.apache.org/maven2/org/apache/maven/maven-plugin-api/2.0.7/maven-plugin-api-2.0.7.jar
2017-06-07 23:20:01,715 [Worker-265] INFO  o.e.m.c.i.e.AbstractTransferListenerAdapter - Downloading https://repo.maven.apache.org/maven2/org/apache/maven/maven-artifact/2.0.7/maven-artifact-2.0.7.jar
2017-06-07 23:20:02,183 [Worker-265] INFO  o.e.m.c.i.e.AbstractTransferListenerAdapter - Downloaded https://repo.maven.apache.org/maven2/org/apache/maven/maven-artifact/2.0.7/maven-artifact-2.0.7.jar
2017-06-07 23:20:02,386 [Worker-265] INFO  o.e.m.c.i.e.AbstractTransferListenerAdapter - Downloading https://repo.maven.apache.org/maven2/org/apache/maven/maven-archiver/2.2/maven-archiver-2.2.jar
2017-06-07 23:20:02,573 [Worker-265] INFO  o.e.m.c.i.e.AbstractTransferListenerAdapter - Downloaded https://repo.maven.apache.org/maven2/org/apache/maven/maven-archiver/2.2/maven-archiver-2.2.jar
2017-06-07 23:20:02,791 [Worker-265] INFO  o.e.m.c.i.e.AbstractTransferListenerAdapter - Downloading https://repo.maven.apache.org/maven2/org/apache/maven/maven-artifact-manager/2.0.7/maven-artifact-manager-2.0.7.jar
2017-06-07 23:20:03,150 [Worker-265] INFO  o.e.m.c.i.e.AbstractTransferListenerAdapter - Downloaded https://repo.maven.apache.org/maven2/org/apache/maven/maven-artifact-manager/2.0.7/maven-artifact-manager-2.0.7.jar
2017-06-07 23:20:03,368 [Worker-265] INFO  o.e.m.c.i.e.AbstractTransferListenerAdapter - Downloading https://repo.maven.apache.org/maven2/org/apache/maven/maven-repository-metadata/2.0.7/maven-repository-metadata-2.0.7.jar
2017-06-07 23:20:03,588 [Worker-265] INFO  o.e.m.c.i.e.AbstractTransferListenerAdapter - Downloaded https://repo.maven.apache.org/maven2/org/apache/maven/maven-repository-metadata/2.0.7/maven-repository-metadata-2.0.7.jar
2017-06-07 23:20:03,806 [Worker-265] INFO  o.e.m.c.i.e.AbstractTransferListenerAdapter - Downloading https://repo.maven.apache.org/maven2/org/apache/maven/maven-settings/2.0.7/maven-settings-2.0.7.jar
2017-06-07 23:20:04,118 [Worker-265] INFO  o.e.m.c.i.e.AbstractTransferListenerAdapter - Downloaded https://repo.maven.apache.org/maven2/org/apache/maven/maven-settings/2.0.7/maven-settings-2.0.7.jar
2017-06-07 23:20:04,399 [Worker-265] INFO  o.e.m.c.i.e.AbstractTransferListenerAdapter - Downloading https://repo.maven.apache.org/maven2/org/apache/maven/shared/maven-dependency-tree/1.2/maven-dependency-tree-1.2.jar
2017-06-07 23:20:04,742 [Worker-265] INFO  o.e.m.c.i.e.AbstractTransferListenerAdapter - Downloaded https://repo.maven.apache.org/maven2/org/apache/maven/shared/maven-dependency-tree/1.2/maven-dependency-tree-1.2.jar
2017-06-07 23:20:04,992 [Worker-265] INFO  o.e.m.c.i.e.AbstractTransferListenerAdapter - Downloading https://repo.maven.apache.org/maven2/org/apache/maven/wagon/wagon-provider-api/1.0-beta-2/wagon-provider-api-1.0-beta-2.jar
2017-06-07 23:20:05,897 [Worker-265] INFO  o.e.m.c.i.e.AbstractTransferListenerAdapter - Downloaded https://repo.maven.apache.org/maven2/org/apache/maven/wagon/wagon-provider-api/1.0-beta-2/wagon-provider-api-1.0-beta-2.jar
2017-06-07 23:20:06,240 [Worker-265] INFO  o.e.m.c.i.e.AbstractTransferListenerAdapter - Downloading https://repo.maven.apache.org/maven2/org/codehaus/plexus/plexus-container-default/1.0-alpha-9-stable-1/plexus-container-default-1.0-alpha-9-stable-1.jar
2017-06-07 23:20:07,269 [Worker-265] INFO  o.e.m.c.i.e.AbstractTransferListenerAdapter - Downloaded https://repo.maven.apache.org/maven2/org/codehaus/plexus/plexus-container-default/1.0-alpha-9-stable-1/plexus-container-default-1.0-alpha-9-stable-1.jar
2017-06-07 23:20:07,488 [Worker-265] INFO  o.e.m.c.i.e.AbstractTransferListenerAdapter - Downloading https://repo.maven.apache.org/maven2/junit/junit/3.8.1/junit-3.8.1.jar
2017-06-07 23:20:08,003 [Worker-265] INFO  o.e.m.c.i.e.AbstractTransferListenerAdapter - Downloaded https://repo.maven.apache.org/maven2/junit/junit/3.8.1/junit-3.8.1.jar
2017-06-07 23:20:08,221 [Worker-265] INFO  o.e.m.c.i.e.AbstractTransferListenerAdapter - Downloading https://repo.maven.apache.org/maven2/classworlds/classworlds/1.1-alpha-2/classworlds-1.1-alpha-2.jar
2017-06-07 23:20:08,471 [Worker-265] INFO  o.e.m.c.i.e.AbstractTransferListenerAdapter - Downloaded https://repo.maven.apache.org/maven2/classworlds/classworlds/1.1-alpha-2/classworlds-1.1-alpha-2.jar
2017-06-07 23:20:08,705 [Worker-265] INFO  o.e.m.c.i.e.AbstractTransferListenerAdapter - Downloading https://repo.maven.apache.org/maven2/org/codehaus/plexus/plexus-archiver/1.0-alpha-7/plexus-archiver-1.0-alpha-7.jar
2017-06-07 23:20:09,313 [Worker-265] INFO  o.e.m.c.i.e.AbstractTransferListenerAdapter - Downloaded https://repo.maven.apache.org/maven2/org/codehaus/plexus/plexus-archiver/1.0-alpha-7/plexus-archiver-1.0-alpha-7.jar
2017-06-07 23:20:09,531 [Worker-265] INFO  o.e.m.c.i.e.AbstractTransferListenerAdapter - Downloading https://repo.maven.apache.org/maven2/org/codehaus/plexus/plexus-utils/1.4.7/plexus-utils-1.4.7.jar
2017-06-07 23:20:10,343 [Worker-265] INFO  o.e.m.c.i.e.AbstractTransferListenerAdapter - Downloaded https://repo.maven.apache.org/maven2/org/codehaus/plexus/plexus-utils/1.4.7/plexus-utils-1.4.7.jar
2017-06-07 23:20:16,973 [Worker-246] INFO  o.e.m.c.i.e.AbstractTransferListenerAdapter - Downloading https://repo.maven.apache.org/maven2/org/apache/commons/commons-lang3/3.4/commons-lang3-3.4.pom
2017-06-07 23:20:17,222 [Worker-246] INFO  o.e.m.c.i.e.AbstractTransferListenerAdapter - Downloaded https://repo.maven.apache.org/maven2/org/apache/commons/commons-lang3/3.4/commons-lang3-3.4.pom
2017-06-07 23:20:17,441 [Worker-246] INFO  o.e.m.c.i.e.AbstractTransferListenerAdapter - Downloading https://repo.maven.apache.org/maven2/org/apache/commons/commons-parent/37/commons-parent-37.pom
2017-06-07 23:20:17,831 [Worker-246] INFO  o.e.m.c.i.e.AbstractTransferListenerAdapter - Downloaded https://repo.maven.apache.org/maven2/org/apache/commons/commons-parent/37/commons-parent-37.pom
2017-06-07 23:20:18,080 [Worker-246] INFO  o.e.m.c.i.e.AbstractTransferListenerAdapter - Downloading https://repo.maven.apache.org/maven2/org/ow2/asm/asm/5.1/asm-5.1.pom
2017-06-07 23:20:18,283 [Worker-246] INFO  o.e.m.c.i.e.AbstractTransferListenerAdapter - Downloaded https://repo.maven.apache.org/maven2/org/ow2/asm/asm/5.1/asm-5.1.pom
2017-06-07 23:20:18,486 [Worker-246] INFO  o.e.m.c.i.e.AbstractTransferListenerAdapter - Downloading https://repo.maven.apache.org/maven2/org/ow2/asm/asm-parent/5.1/asm-parent-5.1.pom
2017-06-07 23:20:18,689 [Worker-246] INFO  o.e.m.c.i.e.AbstractTransferListenerAdapter - Downloaded https://repo.maven.apache.org/maven2/org/ow2/asm/asm-parent/5.1/asm-parent-5.1.pom
2017-06-07 23:20:18,907 [Worker-246] INFO  o.e.m.c.i.e.AbstractTransferListenerAdapter - Downloading https://repo.maven.apache.org/maven2/org/ow2/ow2/1.3/ow2-1.3.pom
2017-06-07 23:20:19,110 [Worker-246] INFO  o.e.m.c.i.e.AbstractTransferListenerAdapter - Downloaded https://repo.maven.apache.org/maven2/org/ow2/ow2/1.3/ow2-1.3.pom
2017-06-07 23:20:19,328 [Worker-246] INFO  o.e.m.c.i.e.AbstractTransferListenerAdapter - Downloading https://repo.maven.apache.org/maven2/org/ow2/asm/asm-commons/5.1/asm-commons-5.1.pom
2017-06-07 23:20:19,515 [Worker-246] INFO  o.e.m.c.i.e.AbstractTransferListenerAdapter - Downloaded https://repo.maven.apache.org/maven2/org/ow2/asm/asm-commons/5.1/asm-commons-5.1.pom
2017-06-07 23:20:20,857 [Worker-246] INFO  o.e.m.c.i.e.AbstractTransferListenerAdapter - Downloading https://repo.maven.apache.org/maven2/org/ow2/asm/asm-tree/5.1/asm-tree-5.1.pom
2017-06-07 23:20:21,075 [Worker-246] INFO  o.e.m.c.i.e.AbstractTransferListenerAdapter - Downloaded https://repo.maven.apache.org/maven2/org/ow2/asm/asm-tree/5.1/asm-tree-5.1.pom
2017-06-07 23:20:21,294 [Worker-246] INFO  o.e.m.c.i.e.AbstractTransferListenerAdapter - Downloading https://repo.maven.apache.org/maven2/org/easymock/easymock/3.4/easymock-3.4.pom
2017-06-07 23:20:21,497 [Worker-246] INFO  o.e.m.c.i.e.AbstractTransferListenerAdapter - Downloaded https://repo.maven.apache.org/maven2/org/easymock/easymock/3.4/easymock-3.4.pom
2017-06-07 23:20:21,699 [Worker-246] INFO  o.e.m.c.i.e.AbstractTransferListenerAdapter - Downloading https://repo.maven.apache.org/maven2/org/easymock/easymock-parent/3.4/easymock-parent-3.4.pom
2017-06-07 23:20:21,965 [Worker-246] INFO  o.e.m.c.i.e.AbstractTransferListenerAdapter - Downloaded https://repo.maven.apache.org/maven2/org/easymock/easymock-parent/3.4/easymock-parent-3.4.pom
2017-06-07 23:20:22,167 [Worker-246] INFO  o.e.m.c.i.e.AbstractTransferListenerAdapter - Downloading https://repo.maven.apache.org/maven2/org/objenesis/objenesis/2.2/objenesis-2.2.pom
2017-06-07 23:20:22,370 [Worker-246] INFO  o.e.m.c.i.e.AbstractTransferListenerAdapter - Downloaded https://repo.maven.apache.org/maven2/org/objenesis/objenesis/2.2/objenesis-2.2.pom
2017-06-07 23:20:22,589 [Worker-246] INFO  o.e.m.c.i.e.AbstractTransferListenerAdapter - Downloading https://repo.maven.apache.org/maven2/org/objenesis/objenesis-parent/2.2/objenesis-parent-2.2.pom
2017-06-07 23:20:23,337 [Worker-246] INFO  o.e.m.c.i.e.AbstractTransferListenerAdapter - Downloaded https://repo.maven.apache.org/maven2/org/objenesis/objenesis-parent/2.2/objenesis-parent-2.2.pom
2017-06-07 23:20:23,571 [Worker-246] INFO  o.e.m.c.i.e.AbstractTransferListenerAdapter - Downloading https://repo.maven.apache.org/maven2/javax/servlet/jsp-api/2.0/jsp-api-2.0.pom
2017-06-07 23:20:23,774 [Worker-246] INFO  o.e.m.c.i.e.AbstractTransferListenerAdapter - Downloaded https://repo.maven.apache.org/maven2/javax/servlet/jsp-api/2.0/jsp-api-2.0.pom
2017-06-07 23:20:23,977 [Worker-246] INFO  o.e.m.c.i.e.AbstractTransferListenerAdapter - Downloading https://repo.maven.apache.org/maven2/javax/servlet/servlet-api/2.4/servlet-api-2.4.pom
2017-06-07 23:20:24,180 [Worker-246] INFO  o.e.m.c.i.e.AbstractTransferListenerAdapter - Downloaded https://repo.maven.apache.org/maven2/javax/servlet/servlet-api/2.4/servlet-api-2.4.pom
2017-06-07 23:20:25,506 [Worker-246] INFO  o.e.m.c.i.e.AbstractTransferListenerAdapter - Downloading https://repo.maven.apache.org/maven2/org/apache/struts/struts2-core/2.5.10.1/struts2-core-2.5.10.1.pom
2017-06-07 23:20:25,740 [Worker-246] INFO  o.e.m.c.i.e.AbstractTransferListenerAdapter - Downloaded https://repo.maven.apache.org/maven2/org/apache/struts/struts2-core/2.5.10.1/struts2-core-2.5.10.1.pom
2017-06-07 23:20:25,989 [Worker-246] INFO  o.e.m.c.i.e.AbstractTransferListenerAdapter - Downloading https://repo.maven.apache.org/maven2/org/freemarker/freemarker/2.3.23/freemarker-2.3.23.pom
2017-06-07 23:20:26,192 [Worker-246] INFO  o.e.m.c.i.e.AbstractTransferListenerAdapter - Downloaded https://repo.maven.apache.org/maven2/org/freemarker/freemarker/2.3.23/freemarker-2.3.23.pom
2017-06-07 23:20:26,411 [Worker-246] INFO  o.e.m.c.i.e.AbstractTransferListenerAdapter - Downloading https://repo.maven.apache.org/maven2/org/sonatype/oss/oss-parent/9/oss-parent-9.pom
2017-06-07 23:20:26,613 [Worker-246] INFO  o.e.m.c.i.e.AbstractTransferListenerAdapter - Downloaded https://repo.maven.apache.org/maven2/org/sonatype/oss/oss-parent/9/oss-parent-9.pom
2017-06-07 23:20:26,832 [Worker-246] INFO  o.e.m.c.i.e.AbstractTransferListenerAdapter - Downloading https://repo.maven.apache.org/maven2/ognl/ognl/3.1.12/ognl-3.1.12.pom
2017-06-07 23:20:27,035 [Worker-246] INFO  o.e.m.c.i.e.AbstractTransferListenerAdapter - Downloaded https://repo.maven.apache.org/maven2/ognl/ognl/3.1.12/ognl-3.1.12.pom
2017-06-07 23:20:27,253 [Worker-246] INFO  o.e.m.c.i.e.AbstractTransferListenerAdapter - Downloading https://repo.maven.apache.org/maven2/org/sonatype/oss/oss-parent/7/oss-parent-7.pom
2017-06-07 23:20:27,456 [Worker-246] INFO  o.e.m.c.i.e.AbstractTransferListenerAdapter - Downloaded https://repo.maven.apache.org/maven2/org/sonatype/oss/oss-parent/7/oss-parent-7.pom
2017-06-07 23:20:27,659 [Worker-246] INFO  o.e.m.c.i.e.AbstractTransferListenerAdapter - Downloading https://repo.maven.apache.org/maven2/org/javassist/javassist/3.20.0-GA/javassist-3.20.0-GA.pom
2017-06-07 23:20:27,877 [Worker-246] INFO  o.e.m.c.i.e.AbstractTransferListenerAdapter - Downloaded https://repo.maven.apache.org/maven2/org/javassist/javassist/3.20.0-GA/javassist-3.20.0-GA.pom
2017-06-07 23:20:28,095 [Worker-246] INFO  o.e.m.c.i.e.AbstractTransferListenerAdapter - Downloading https://repo.maven.apache.org/maven2/org/apache/logging/log4j/log4j-api/2.7/log4j-api-2.7.pom
2017-06-07 23:20:28,314 [Worker-246] INFO  o.e.m.c.i.e.AbstractTransferListenerAdapter - Downloaded https://repo.maven.apache.org/maven2/org/apache/logging/log4j/log4j-api/2.7/log4j-api-2.7.pom
2017-06-07 23:20:28,532 [Worker-246] INFO  o.e.m.c.i.e.AbstractTransferListenerAdapter - Downloading https://repo.maven.apache.org/maven2/org/apache/logging/log4j/log4j/2.7/log4j-2.7.pom
2017-06-07 23:20:28,829 [Worker-246] INFO  o.e.m.c.i.e.AbstractTransferListenerAdapter - Downloaded https://repo.maven.apache.org/maven2/org/apache/logging/log4j/log4j/2.7/log4j-2.7.pom
2017-06-07 23:20:29,063 [Worker-246] INFO  o.e.m.c.i.e.AbstractTransferListenerAdapter - Downloading https://repo.maven.apache.org/maven2/org/apache/apache/9/apache-9.pom
2017-06-07 23:20:29,265 [Worker-246] INFO  o.e.m.c.i.e.AbstractTransferListenerAdapter - Downloaded https://repo.maven.apache.org/maven2/org/apache/apache/9/apache-9.pom
2017-06-07 23:20:29,484 [Worker-246] INFO  o.e.m.c.i.e.AbstractTransferListenerAdapter - Downloading https://repo.maven.apache.org/maven2/commons-fileupload/commons-fileupload/1.3.2/commons-fileupload-1.3.2.pom
2017-06-07 23:20:29,687 [Worker-246] INFO  o.e.m.c.i.e.AbstractTransferListenerAdapter - Downloaded https://repo.maven.apache.org/maven2/commons-fileupload/commons-fileupload/1.3.2/commons-fileupload-1.3.2.pom
2017-06-07 23:20:29,999 [Worker-246] INFO  o.e.m.c.i.e.AbstractTransferListenerAdapter - Downloading https://repo.maven.apache.org/maven2/org/apache/commons/commons-parent/40/commons-parent-40.pom
2017-06-07 23:20:30,357 [Worker-246] INFO  o.e.m.c.i.e.AbstractTransferListenerAdapter - Downloaded https://repo.maven.apache.org/maven2/org/apache/commons/commons-parent/40/commons-parent-40.pom
2017-06-07 23:20:30,591 [Worker-246] INFO  o.e.m.c.i.e.AbstractTransferListenerAdapter - Downloading https://repo.maven.apache.org/maven2/org/apache/apache/17/apache-17.pom
2017-06-07 23:20:30,794 [Worker-246] INFO  o.e.m.c.i.e.AbstractTransferListenerAdapter - Downloaded https://repo.maven.apache.org/maven2/org/apache/apache/17/apache-17.pom
2017-06-07 23:20:31,028 [Worker-246] INFO  o.e.m.c.i.e.AbstractTransferListenerAdapter - Downloading https://repo.maven.apache.org/maven2/commons-io/commons-io/2.4/commons-io-2.4.pom
2017-06-07 23:20:31,215 [Worker-246] INFO  o.e.m.c.i.e.AbstractTransferListenerAdapter - Downloaded https://repo.maven.apache.org/maven2/commons-io/commons-io/2.4/commons-io-2.4.pom
2017-06-07 23:20:31,933 [Worker-246] INFO  o.e.m.c.i.e.AbstractTransferListenerAdapter - Downloading https://repo.maven.apache.org/maven2/org/apache/commons/commons-parent/25/commons-parent-25.pom
2017-06-07 23:20:32,136 [Worker-246] INFO  o.e.m.c.i.e.AbstractTransferListenerAdapter - Downloaded https://repo.maven.apache.org/maven2/org/apache/commons/commons-parent/25/commons-parent-25.pom
2017-06-07 23:20:32,463 [Worker-246] INFO  o.e.m.c.i.e.AbstractTransferListenerAdapter - Downloading https://repo.maven.apache.org/maven2/junit/junit/4.12/junit-4.12.pom
2017-06-07 23:20:32,713 [Worker-246] INFO  o.e.m.c.i.e.AbstractTransferListenerAdapter - Downloaded https://repo.maven.apache.org/maven2/junit/junit/4.12/junit-4.12.pom
2017-06-07 23:20:32,916 [Worker-246] INFO  o.e.m.c.i.e.AbstractTransferListenerAdapter - Downloading https://repo.maven.apache.org/maven2/org/hamcrest/hamcrest-core/1.3/hamcrest-core-1.3.pom
2017-06-07 23:20:33,119 [Worker-246] INFO  o.e.m.c.i.e.AbstractTransferListenerAdapter - Downloaded https://repo.maven.apache.org/maven2/org/hamcrest/hamcrest-core/1.3/hamcrest-core-1.3.pom
2017-06-07 23:20:33,306 [Worker-246] INFO  o.e.m.c.i.e.AbstractTransferListenerAdapter - Downloading https://repo.maven.apache.org/maven2/org/hamcrest/hamcrest-parent/1.3/hamcrest-parent-1.3.pom
2017-06-07 23:20:33,509 [Worker-246] INFO  o.e.m.c.i.e.AbstractTransferListenerAdapter - Downloaded https://repo.maven.apache.org/maven2/org/hamcrest/hamcrest-parent/1.3/hamcrest-parent-1.3.pom
2017-06-13 16:24:49,416 [Worker-69] INFO  o.e.m.c.i.e.AbstractTransferListenerAdapter - Downloaded https://repo.maven.apache.org/maven2/org/apache/velocity/velocity/1.7/velocity-1.7.pom
2017-06-13 16:24:49,551 [Worker-69] INFO  o.e.m.c.i.e.AbstractTransferListenerAdapter - Downloaded https://repo.maven.apache.org/maven2/org/apache/velocity/velocity-tools/2.0/velocity-tools-2.0.pom
2017-06-13 16:24:49,685 [Worker-69] INFO  o.e.m.c.i.e.AbstractTransferListenerAdapter - Downloaded https://repo.maven.apache.org/maven2/commons-logging/commons-logging/1.1.3/commons-logging-1.1.3.pom
2017-06-13 16:24:49,809 [Worker-69] INFO  o.e.m.c.i.e.AbstractTransferListenerAdapter - Downloaded https://repo.maven.apache.org/maven2/org/springframework/spring-core/4.1.6.RELEASE/spring-core-4.1.6.RELEASE.pom
2017-06-13 16:24:49,818 [Worker-69] INFO  o.e.m.c.i.e.AbstractTransferListenerAdapter - Downloaded https://repo.maven.apache.org/maven2/org/springframework/spring-aop/4.1.6.RELEASE/spring-aop-4.1.6.RELEASE.pom
2017-06-13 16:24:49,827 [Worker-69] INFO  o.e.m.c.i.e.AbstractTransferListenerAdapter - Downloaded https://repo.maven.apache.org/maven2/org/springframework/spring-aspects/4.1.6.RELEASE/spring-aspects-4.1.6.RELEASE.pom
2017-06-13 16:24:49,836 [Worker-69] INFO  o.e.m.c.i.e.AbstractTransferListenerAdapter - Downloaded https://repo.maven.apache.org/maven2/org/springframework/spring-beans/4.1.6.RELEASE/spring-beans-4.1.6.RELEASE.pom
2017-06-13 16:24:49,843 [Worker-69] INFO  o.e.m.c.i.e.AbstractTransferListenerAdapter - Downloaded https://repo.maven.apache.org/maven2/org/springframework/spring-context/4.1.6.RELEASE/spring-context-4.1.6.RELEASE.pom
2017-06-13 16:24:49,851 [Worker-69] INFO  o.e.m.c.i.e.AbstractTransferListenerAdapter - Downloaded https://repo.maven.apache.org/maven2/org/springframework/spring-context-support/4.1.6.RELEASE/spring-context-support-4.1.6.RELEASE.pom
2017-06-13 16:24:49,860 [Worker-69] INFO  o.e.m.c.i.e.AbstractTransferListenerAdapter - Downloaded https://repo.maven.apache.org/maven2/org/springframework/spring-web/4.1.6.RELEASE/spring-web-4.1.6.RELEASE.pom
2017-06-13 16:24:49,867 [Worker-69] INFO  o.e.m.c.i.e.AbstractTransferListenerAdapter - Downloaded https://repo.maven.apache.org/maven2/org/springframework/spring-test/4.1.6.RELEASE/spring-test-4.1.6.RELEASE.pom
2017-06-13 16:24:49,876 [Worker-69] INFO  o.e.m.c.i.e.AbstractTransferListenerAdapter - Downloaded https://repo.maven.apache.org/maven2/cglib/cglib-nodep/2.1_3/cglib-nodep-2.1_3.pom
2017-06-13 16:24:49,916 [Worker-69] INFO  o.e.m.c.i.e.AbstractTransferListenerAdapter - Downloaded https://repo.maven.apache.org/maven2/org/apache/logging/log4j/log4j-core/2.7/log4j-core-2.7.pom
2017-06-13 16:24:49,924 [Worker-69] INFO  o.e.m.c.i.e.AbstractTransferListenerAdapter - Downloaded https://repo.maven.apache.org/maven2/org/apache/commons/commons-collections4/4.1/commons-collections4-4.1.pom
2017-06-13 16:24:49,967 [Worker-69] INFO  o.e.m.c.i.e.AbstractTransferListenerAdapter - Downloaded https://repo.maven.apache.org/maven2/mockobjects/mockobjects-jdk1.3/0.09/mockobjects-jdk1.3-0.09.pom
2017-06-13 16:24:49,979 [Worker-69] INFO  o.e.m.c.i.e.AbstractTransferListenerAdapter - Downloaded https://repo.maven.apache.org/maven2/mockobjects/mockobjects-alt-jdk1.3/0.09/mockobjects-alt-jdk1.3-0.09.pom
2017-06-13 16:24:50,003 [Worker-69] INFO  o.e.m.c.i.e.AbstractTransferListenerAdapter - Downloaded https://repo.maven.apache.org/maven2/mockobjects/mockobjects-alt-jdk1.3-j2ee1.3/0.09/mockobjects-alt-jdk1.3-j2ee1.3-0.09.pom
2017-06-13 16:24:50,018 [Worker-69] INFO  o.e.m.c.i.e.AbstractTransferListenerAdapter - Downloaded https://repo.maven.apache.org/maven2/mockobjects/mockobjects-jdk1.3-j2ee1.3/0.09/mockobjects-jdk1.3-j2ee1.3-0.09.pom
2017-06-13 16:24:50,026 [Worker-69] INFO  o.e.m.c.i.e.AbstractTransferListenerAdapter - Downloaded https://repo.maven.apache.org/maven2/jmock/jmock/1.2.0/jmock-1.2.0.pom
2017-06-13 16:24:50,034 [Worker-69] INFO  o.e.m.c.i.e.AbstractTransferListenerAdapter - Downloaded https://repo.maven.apache.org/maven2/org/mockito/mockito-all/1.9.5/mockito-all-1.9.5.pom
2017-06-13 16:24:50,042 [Worker-69] INFO  o.e.m.c.i.e.AbstractTransferListenerAdapter - Downloaded https://repo.maven.apache.org/maven2/org/easytesting/fest-assert/1.4/fest-assert-1.4.pom
2017-06-13 16:24:50,050 [Worker-69] INFO  o.e.m.c.i.e.AbstractTransferListenerAdapter - Downloaded https://repo.maven.apache.org/maven2/mockobjects/mockobjects-core/0.09/mockobjects-core-0.09.pom
2017-06-13 16:24:50,120 [Worker-69] INFO  o.e.m.c.i.e.AbstractTransferListenerAdapter - Downloaded https://repo.maven.apache.org/maven2/org/apache/struts/struts-annotations/1.0.6/struts-annotations-1.0.6.pom
2017-06-13 16:24:50,135 [Worker-69] INFO  o.e.m.c.i.e.AbstractTransferListenerAdapter - Downloaded https://repo.maven.apache.org/maven2/org/testng/testng/5.14.10/testng-5.14.10.pom
2017-06-13 16:24:50,145 [Worker-69] INFO  o.e.m.c.i.e.AbstractTransferListenerAdapter - Downloaded https://repo.maven.apache.org/maven2/org/slf4j/slf4j-api/1.7.12/slf4j-api-1.7.12.pom
2017-06-13 16:24:50,155 [Worker-69] INFO  o.e.m.c.i.e.AbstractTransferListenerAdapter - Downloaded https://repo.maven.apache.org/maven2/org/slf4j/slf4j-simple/1.7.12/slf4j-simple-1.7.12.pom
2017-06-13 16:24:50,163 [Worker-69] INFO  o.e.m.c.i.e.AbstractTransferListenerAdapter - Downloaded https://repo.maven.apache.org/maven2/javax/servlet/javax.servlet-api/3.1.0/javax.servlet-api-3.1.0.pom
2017-06-13 16:24:50,173 [Worker-69] INFO  o.e.m.c.i.e.AbstractTransferListenerAdapter - Downloaded https://repo.maven.apache.org/maven2/commons-validator/commons-validator/1.5.1/commons-validator-1.5.1.pom
2017-06-13 16:24:50,220 [Worker-69] ERROR o.e.m.c.embedder.MavenModelManager - Project read error
org.eclipse.aether.collection.DependencyCollectionException: Failed to collect dependencies at org.apache.velocity:velocity:jar:1.7
	at org.eclipse.aether.internal.impl.DefaultDependencyCollector.collectDependencies(DefaultDependencyCollector.java:291) ~[aether-impl-1.0.2.v20150114.jar:na]
	at org.eclipse.aether.internal.impl.DefaultRepositorySystem.collectDependencies(DefaultRepositorySystem.java:316) ~[aether-impl-1.0.2.v20150114.jar:na]
	at org.eclipse.m2e.core.embedder.MavenModelManager.readDependencyTree(MavenModelManager.java:230) [org.eclipse.m2e.core_1.6.2.20150902-0002.jar:na]
	at org.eclipse.m2e.core.embedder.MavenModelManager$1.call(MavenModelManager.java:187) [org.eclipse.m2e.core_1.6.2.20150902-0002.jar:na]
	at org.eclipse.m2e.core.embedder.MavenModelManager$1.call(MavenModelManager.java:1) [org.eclipse.m2e.core_1.6.2.20150902-0002.jar:na]
	at org.eclipse.m2e.core.internal.embedder.MavenExecutionContext.executeBare(MavenExecutionContext.java:176) [org.eclipse.m2e.core_1.6.2.20150902-0002.jar:na]
	at org.eclipse.m2e.core.internal.embedder.MavenExecutionContext.execute(MavenExecutionContext.java:151) [org.eclipse.m2e.core_1.6.2.20150902-0002.jar:na]
	at org.eclipse.m2e.core.internal.embedder.MavenExecutionContext.execute(MavenExecutionContext.java:99) [org.eclipse.m2e.core_1.6.2.20150902-0002.jar:na]
	at org.eclipse.m2e.core.internal.embedder.MavenImpl.execute(MavenImpl.java:1355) [org.eclipse.m2e.core_1.6.2.20150902-0002.jar:na]
	at org.eclipse.m2e.core.embedder.MavenModelManager.readDependencyTree(MavenModelManager.java:191) [org.eclipse.m2e.core_1.6.2.20150902-0002.jar:na]
	at org.eclipse.m2e.editor.pom.MavenPomEditor.readDependencyTree(MavenPomEditor.java:684) [org.eclipse.m2e.editor_1.6.2.20150902-0002.jar:na]
	at org.eclipse.m2e.editor.pom.DependencyTreePage$1.run(DependencyTreePage.java:222) [org.eclipse.m2e.editor_1.6.2.20150902-0002.jar:na]
	at org.eclipse.core.internal.jobs.Worker.run(Worker.java:55) [org.eclipse.core.jobs_3.7.0.v20150330-2103.jar:na]
Caused by: org.eclipse.aether.resolution.ArtifactDescriptorException: Failed to read artifact descriptor for org.apache.velocity:velocity:jar:1.7
	at org.apache.maven.repository.internal.DefaultArtifactDescriptorReader.loadPom(DefaultArtifactDescriptorReader.java:302) ~[maven-aether-provider-3.3.3.jar:3.3.3]
	at org.apache.maven.repository.internal.DefaultArtifactDescriptorReader.readArtifactDescriptor(DefaultArtifactDescriptorReader.java:218) ~[maven-aether-provider-3.3.3.jar:3.3.3]
	at org.eclipse.aether.internal.impl.DefaultDependencyCollector.resolveCachedArtifactDescriptor(DefaultDependencyCollector.java:535) ~[aether-impl-1.0.2.v20150114.jar:na]
	at org.eclipse.aether.internal.impl.DefaultDependencyCollector.getArtifactDescriptorResult(DefaultDependencyCollector.java:519) ~[aether-impl-1.0.2.v20150114.jar:na]
	at org.eclipse.aether.internal.impl.DefaultDependencyCollector.processDependency(DefaultDependencyCollector.java:409) ~[aether-impl-1.0.2.v20150114.jar:na]
	at org.eclipse.aether.internal.impl.DefaultDependencyCollector.processDependency(DefaultDependencyCollector.java:363) ~[aether-impl-1.0.2.v20150114.jar:na]
	at org.eclipse.aether.internal.impl.DefaultDependencyCollector.process(DefaultDependencyCollector.java:351) ~[aether-impl-1.0.2.v20150114.jar:na]
	at org.eclipse.aether.internal.impl.DefaultDependencyCollector.collectDependencies(DefaultDependencyCollector.java:254) ~[aether-impl-1.0.2.v20150114.jar:na]
	... 12 common frames omitted
Caused by: org.eclipse.aether.resolution.ArtifactResolutionException: Could not transfer artifact org.apache.velocity:velocity:pom:1.7 from/to central (https://repo.maven.apache.org/maven2): repo.maven.apache.org
	at org.eclipse.aether.internal.impl.DefaultArtifactResolver.resolve(DefaultArtifactResolver.java:444) ~[aether-impl-1.0.2.v20150114.jar:na]
	at org.eclipse.aether.internal.impl.DefaultArtifactResolver.resolveArtifacts(DefaultArtifactResolver.java:246) ~[aether-impl-1.0.2.v20150114.jar:na]
	at org.eclipse.aether.internal.impl.DefaultArtifactResolver.resolveArtifact(DefaultArtifactResolver.java:223) ~[aether-impl-1.0.2.v20150114.jar:na]
	at org.apache.maven.repository.internal.DefaultArtifactDescriptorReader.loadPom(DefaultArtifactDescriptorReader.java:287) ~[maven-aether-provider-3.3.3.jar:3.3.3]
	... 19 common frames omitted
Caused by: org.eclipse.aether.transfer.ArtifactTransferException: Could not transfer artifact org.apache.velocity:velocity:pom:1.7 from/to central (https://repo.maven.apache.org/maven2): repo.maven.apache.org
	at io.takari.aether.connector.AetherRepositoryConnector$2.wrap(AetherRepositoryConnector.java:895) ~[aether-connector-okhttp-0.15.0.jar:0.15.0]
	at io.takari.aether.connector.AetherRepositoryConnector$2.wrap(AetherRepositoryConnector.java:1) ~[aether-connector-okhttp-0.15.0.jar:0.15.0]
	at io.takari.aether.connector.AetherRepositoryConnector$GetTask.flush(AetherRepositoryConnector.java:673) ~[aether-connector-okhttp-0.15.0.jar:0.15.0]
	at io.takari.aether.connector.AetherRepositoryConnector.get(AetherRepositoryConnector.java:310) ~[aether-connector-okhttp-0.15.0.jar:0.15.0]
	at org.eclipse.aether.internal.impl.DefaultArtifactResolver.performDownloads(DefaultArtifactResolver.java:520) ~[aether-impl-1.0.2.v20150114.jar:na]
	at org.eclipse.aether.internal.impl.DefaultArtifactResolver.resolve(DefaultArtifactResolver.java:421) ~[aether-impl-1.0.2.v20150114.jar:na]
	... 22 common frames omitted
Caused by: java.net.UnknownHostException: repo.maven.apache.org
	at java.net.Inet6AddressImpl.lookupAllHostAddr(Native Method) ~[na:1.8.0_65]
	at java.net.InetAddress$2.lookupAllHostAddr(InetAddress.java:928) ~[na:1.8.0_65]
	at java.net.InetAddress.getAddressesFromNameService(InetAddress.java:1323) ~[na:1.8.0_65]
	at java.net.InetAddress.getAllByName0(InetAddress.java:1276) ~[na:1.8.0_65]
	at java.net.InetAddress.getAllByName(InetAddress.java:1192) ~[na:1.8.0_65]
	at java.net.InetAddress.getAllByName(InetAddress.java:1126) ~[na:1.8.0_65]
	at com.squareup.okhttp.internal.Network$1.resolveInetAddresses(Network.java:29) ~[okhttp-2.3.0.jar:na]
	at com.squareup.okhttp.internal.http.RouteSelector.resetNextInetSocketAddress(RouteSelector.java:224) ~[okhttp-2.3.0.jar:na]
	at com.squareup.okhttp.internal.http.RouteSelector.nextProxy(RouteSelector.java:193) ~[okhttp-2.3.0.jar:na]
	at com.squareup.okhttp.internal.http.RouteSelector.next(RouteSelector.java:113) ~[okhttp-2.3.0.jar:na]
	at com.squareup.okhttp.internal.http.HttpEngine.createNextConnection(HttpEngine.java:344) ~[okhttp-2.3.0.jar:na]
	at com.squareup.okhttp.internal.http.HttpEngine.nextConnection(HttpEngine.java:329) ~[okhttp-2.3.0.jar:na]
	at com.squareup.okhttp.internal.http.HttpEngine.connect(HttpEngine.java:319) ~[okhttp-2.3.0.jar:na]
	at com.squareup.okhttp.internal.http.HttpEngine.sendRequest(HttpEngine.java:241) ~[okhttp-2.3.0.jar:na]
	at com.squareup.okhttp.Call.getResponse(Call.java:271) ~[okhttp-2.3.0.jar:na]
	at com.squareup.okhttp.Call$ApplicationInterceptorChain.proceed(Call.java:228) ~[okhttp-2.3.0.jar:na]
	at com.squareup.okhttp.Call.getResponseWithInterceptorChain(Call.java:199) ~[okhttp-2.3.0.jar:na]
	at com.squareup.okhttp.Call.execute(Call.java:79) ~[okhttp-2.3.0.jar:na]
	at io.takari.aether.okhttp.OkHttpAetherClient.execute(OkHttpAetherClient.java:154) ~[aether-connector-okhttp-0.15.0.jar:0.15.0]
	at io.takari.aether.okhttp.OkHttpAetherClient.get(OkHttpAetherClient.java:100) ~[aether-connector-okhttp-0.15.0.jar:0.15.0]
	at io.takari.aether.connector.AetherRepositoryConnector$GetTask.resumableGet(AetherRepositoryConnector.java:600) ~[aether-connector-okhttp-0.15.0.jar:0.15.0]
	at io.takari.aether.connector.AetherRepositoryConnector$GetTask.run(AetherRepositoryConnector.java:453) ~[aether-connector-okhttp-0.15.0.jar:0.15.0]
	at io.takari.aether.connector.AetherRepositoryConnector.get(AetherRepositoryConnector.java:304) ~[aether-connector-okhttp-0.15.0.jar:0.15.0]
	... 24 common frames omitted
2017-06-13 16:24:50,235 [Worker-69] ERROR o.e.m.editor.pom.DependencyTreePage - Project read error
org.eclipse.core.runtime.CoreException: Project read error
	at org.eclipse.m2e.core.embedder.MavenModelManager.readDependencyTree(MavenModelManager.java:234) ~[na:na]
	at org.eclipse.m2e.core.embedder.MavenModelManager$1.call(MavenModelManager.java:187) ~[na:na]
	at org.eclipse.m2e.core.embedder.MavenModelManager$1.call(MavenModelManager.java:1) ~[na:na]
	at org.eclipse.m2e.core.internal.embedder.MavenExecutionContext.executeBare(MavenExecutionContext.java:176) ~[na:na]
	at org.eclipse.m2e.core.internal.embedder.MavenExecutionContext.execute(MavenExecutionContext.java:151) ~[na:na]
	at org.eclipse.m2e.core.internal.embedder.MavenExecutionContext.execute(MavenExecutionContext.java:99) ~[na:na]
	at org.eclipse.m2e.core.internal.embedder.MavenImpl.execute(MavenImpl.java:1355) ~[na:na]
	at org.eclipse.m2e.core.embedder.MavenModelManager.readDependencyTree(MavenModelManager.java:191) ~[na:na]
	at org.eclipse.m2e.editor.pom.MavenPomEditor.readDependencyTree(MavenPomEditor.java:684) ~[na:na]
	at org.eclipse.m2e.editor.pom.DependencyTreePage$1.run(DependencyTreePage.java:222) ~[na:na]
	at org.eclipse.core.internal.jobs.Worker.run(Worker.java:55) [org.eclipse.core.jobs_3.7.0.v20150330-2103.jar:na]
Caused by: org.eclipse.aether.collection.DependencyCollectionException: Failed to collect dependencies at org.apache.velocity:velocity:jar:1.7
	at org.eclipse.aether.internal.impl.DefaultDependencyCollector.collectDependencies(DefaultDependencyCollector.java:291) ~[na:na]
	at org.eclipse.aether.internal.impl.DefaultRepositorySystem.collectDependencies(DefaultRepositorySystem.java:316) ~[na:na]
	at org.eclipse.m2e.core.embedder.MavenModelManager.readDependencyTree(MavenModelManager.java:230) ~[na:na]
	... 10 common frames omitted
Caused by: org.eclipse.aether.resolution.ArtifactDescriptorException: Failed to read artifact descriptor for org.apache.velocity:velocity:jar:1.7
	at org.apache.maven.repository.internal.DefaultArtifactDescriptorReader.loadPom(DefaultArtifactDescriptorReader.java:302) ~[na:na]
	at org.apache.maven.repository.internal.DefaultArtifactDescriptorReader.readArtifactDescriptor(DefaultArtifactDescriptorReader.java:218) ~[na:na]
	at org.eclipse.aether.internal.impl.DefaultDependencyCollector.resolveCachedArtifactDescriptor(DefaultDependencyCollector.java:535) ~[na:na]
	at org.eclipse.aether.internal.impl.DefaultDependencyCollector.getArtifactDescriptorResult(DefaultDependencyCollector.java:519) ~[na:na]
	at org.eclipse.aether.internal.impl.DefaultDependencyCollector.processDependency(DefaultDependencyCollector.java:409) ~[na:na]
	at org.eclipse.aether.internal.impl.DefaultDependencyCollector.processDependency(DefaultDependencyCollector.java:363) ~[na:na]
	at org.eclipse.aether.internal.impl.DefaultDependencyCollector.process(DefaultDependencyCollector.java:351) ~[na:na]
	at org.eclipse.aether.internal.impl.DefaultDependencyCollector.collectDependencies(DefaultDependencyCollector.java:254) ~[na:na]
	... 12 common frames omitted
Caused by: org.eclipse.aether.resolution.ArtifactResolutionException: Could not transfer artifact org.apache.velocity:velocity:pom:1.7 from/to central (https://repo.maven.apache.org/maven2): repo.maven.apache.org
	at org.eclipse.aether.internal.impl.DefaultArtifactResolver.resolve(DefaultArtifactResolver.java:444) ~[na:na]
	at org.eclipse.aether.internal.impl.DefaultArtifactResolver.resolveArtifacts(DefaultArtifactResolver.java:246) ~[na:na]
	at org.eclipse.aether.internal.impl.DefaultArtifactResolver.resolveArtifact(DefaultArtifactResolver.java:223) ~[na:na]
	at org.apache.maven.repository.internal.DefaultArtifactDescriptorReader.loadPom(DefaultArtifactDescriptorReader.java:287) ~[na:na]
	... 19 common frames omitted
Caused by: org.eclipse.aether.transfer.ArtifactTransferException: Could not transfer artifact org.apache.velocity:velocity:pom:1.7 from/to central (https://repo.maven.apache.org/maven2): repo.maven.apache.org
	at io.takari.aether.connector.AetherRepositoryConnector$2.wrap(AetherRepositoryConnector.java:895) ~[na:na]
	at io.takari.aether.connector.AetherRepositoryConnector$2.wrap(AetherRepositoryConnector.java:1) ~[na:na]
	at io.takari.aether.connector.AetherRepositoryConnector$GetTask.flush(AetherRepositoryConnector.java:673) ~[na:na]
	at io.takari.aether.connector.AetherRepositoryConnector.get(AetherRepositoryConnector.java:310) ~[na:na]
	at org.eclipse.aether.internal.impl.DefaultArtifactResolver.performDownloads(DefaultArtifactResolver.java:520) ~[na:na]
	at org.eclipse.aether.internal.impl.DefaultArtifactResolver.resolve(DefaultArtifactResolver.java:421) ~[na:na]
	... 22 common frames omitted
Caused by: java.net.UnknownHostException: repo.maven.apache.org
	at java.net.Inet6AddressImpl.lookupAllHostAddr(Native Method) ~[na:1.8.0_65]
	at java.net.InetAddress$2.lookupAllHostAddr(InetAddress.java:928) ~[na:1.8.0_65]
	at java.net.InetAddress.getAddressesFromNameService(InetAddress.java:1323) ~[na:1.8.0_65]
	at java.net.InetAddress.getAllByName0(InetAddress.java:1276) ~[na:1.8.0_65]
	at java.net.InetAddress.getAllByName(InetAddress.java:1192) ~[na:1.8.0_65]
	at java.net.InetAddress.getAllByName(InetAddress.java:1126) ~[na:1.8.0_65]
	at com.squareup.okhttp.internal.Network$1.resolveInetAddresses(Network.java:29) ~[na:na]
	at com.squareup.okhttp.internal.http.RouteSelector.resetNextInetSocketAddress(RouteSelector.java:224) ~[na:na]
	at com.squareup.okhttp.internal.http.RouteSelector.nextProxy(RouteSelector.java:193) ~[na:na]
	at com.squareup.okhttp.internal.http.RouteSelector.next(RouteSelector.java:113) ~[na:na]
	at com.squareup.okhttp.internal.http.HttpEngine.createNextConnection(HttpEngine.java:344) ~[na:na]
	at com.squareup.okhttp.internal.http.HttpEngine.nextConnection(HttpEngine.java:329) ~[na:na]
	at com.squareup.okhttp.internal.http.HttpEngine.connect(HttpEngine.java:319) ~[na:na]
	at com.squareup.okhttp.internal.http.HttpEngine.sendRequest(HttpEngine.java:241) ~[na:na]
	at com.squareup.okhttp.Call.getResponse(Call.java:271) ~[na:na]
	at com.squareup.okhttp.Call$ApplicationInterceptorChain.proceed(Call.java:228) ~[na:na]
	at com.squareup.okhttp.Call.getResponseWithInterceptorChain(Call.java:199) ~[na:na]
	at com.squareup.okhttp.Call.execute(Call.java:79) ~[na:na]
	at io.takari.aether.okhttp.OkHttpAetherClient.execute(OkHttpAetherClient.java:154) ~[na:na]
	at io.takari.aether.okhttp.OkHttpAetherClient.get(OkHttpAetherClient.java:100) ~[na:na]
	at io.takari.aether.connector.AetherRepositoryConnector$GetTask.resumableGet(AetherRepositoryConnector.java:600) ~[na:na]
	at io.takari.aether.connector.AetherRepositoryConnector$GetTask.run(AetherRepositoryConnector.java:453) ~[na:na]
	at io.takari.aether.connector.AetherRepositoryConnector.get(AetherRepositoryConnector.java:304) ~[na:na]
	... 24 common frames omitted
2017-06-26 20:26:21,736 [Worker-17] INFO  o.e.m.c.i.e.AbstractTransferListenerAdapter - Downloading https://repo.maven.apache.org/maven2/org/apache/commons/commons-parent/28/commons-parent-28.pom
2017-06-26 20:26:22,594 [Worker-17] INFO  o.e.m.c.i.e.AbstractTransferListenerAdapter - Downloaded https://repo.maven.apache.org/maven2/org/apache/commons/commons-parent/28/commons-parent-28.pom
2017-06-26 20:26:22,969 [Worker-17] INFO  o.e.m.c.i.e.AbstractTransferListenerAdapter - Downloading https://repo.maven.apache.org/maven2/org/apache/apache/13/apache-13.pom
2017-06-26 20:26:23,265 [Worker-17] INFO  o.e.m.c.i.e.AbstractTransferListenerAdapter - Downloaded https://repo.maven.apache.org/maven2/org/apache/apache/13/apache-13.pom
2017-06-26 20:26:25,901 [Worker-28] INFO  o.e.m.c.i.e.AbstractTransferListenerAdapter - Downloading https://repo.maven.apache.org/maven2/log4j/log4j/1.2.17/log4j-1.2.17.pom
2017-06-26 20:26:26,323 [Worker-28] INFO  o.e.m.c.i.e.AbstractTransferListenerAdapter - Downloaded https://repo.maven.apache.org/maven2/log4j/log4j/1.2.17/log4j-1.2.17.pom
2017-06-26 20:26:26,728 [Worker-28] INFO  o.e.m.c.i.e.AbstractTransferListenerAdapter - Downloading https://repo.maven.apache.org/maven2/logkit/logkit/1.0.1/logkit-1.0.1.pom
2017-06-26 20:26:27,056 [Worker-28] INFO  o.e.m.c.i.e.AbstractTransferListenerAdapter - Downloaded https://repo.maven.apache.org/maven2/logkit/logkit/1.0.1/logkit-1.0.1.pom
2017-06-26 20:26:27,368 [Worker-28] INFO  o.e.m.c.i.e.AbstractTransferListenerAdapter - Downloading https://repo.maven.apache.org/maven2/avalon-framework/avalon-framework/4.1.5/avalon-framework-4.1.5.pom
2017-06-26 20:26:27,664 [Worker-28] INFO  o.e.m.c.i.e.AbstractTransferListenerAdapter - Downloaded https://repo.maven.apache.org/maven2/avalon-framework/avalon-framework/4.1.5/avalon-framework-4.1.5.pom
2017-06-26 20:26:27,976 [Worker-28] INFO  o.e.m.c.i.e.AbstractTransferListenerAdapter - Downloading https://repo.maven.apache.org/maven2/javax/servlet/servlet-api/2.3/servlet-api-2.3.pom
2017-06-26 20:26:28,335 [Worker-28] INFO  o.e.m.c.i.e.AbstractTransferListenerAdapter - Downloaded https://repo.maven.apache.org/maven2/javax/servlet/servlet-api/2.3/servlet-api-2.3.pom
